app/build/intermediates/manifest_merge_blame_file/debug/manifest-merger-blame-debug-report.txt
1<?xml version="1.0" encoding="utf-8"?>
2<manifest xmlns:android="http://schemas.android.com/apk/res/android"
3    package="com.cluster.facelabs.clusterface"
4    android:versionCode="1"
5    android:versionName="1.0" >
6
7    <uses-sdk
8        android:minSdkVersion="24"
8-->src\main\AndroidManifest.xml
9        android:targetSdkVersion="28" />
9-->src\main\AndroidManifest.xml
10
11    <uses-permission android:name="android.permission.READ_EXTERNAL_STORAGE" />
11-->src\main\AndroidManifest.xml:5:5-80
11-->src\main\AndroidManifest.xml:5:22-77
12    <uses-permission android:name="android.permission.WRITE_EXTERNAL_STORAGE" />
12-->src\main\AndroidManifest.xml:6:5-81
12-->src\main\AndroidManifest.xml:6:22-78
13    <uses-permission android:name="android.permission.INTERNET" />
13-->[com.google.firebase:firebase-measurement-connector-impl:17.0.4] AndroidManifest.xml:22:5-67
13-->[com.google.firebase:firebase-measurement-connector-impl:17.0.4] AndroidManifest.xml:22:22-64
14    <uses-permission android:name="android.permission.ACCESS_NETWORK_STATE" />
14-->[com.google.firebase:firebase-measurement-connector-impl:17.0.4] AndroidManifest.xml:23:5-79
14-->[com.google.firebase:firebase-measurement-connector-impl:17.0.4] AndroidManifest.xml:23:22-76
15    <uses-permission android:name="android.permission.WAKE_LOCK" />
15-->[com.google.firebase:firebase-measurement-connector-impl:17.0.4] AndroidManifest.xml:24:5-68
15-->[com.google.firebase:firebase-measurement-connector-impl:17.0.4] AndroidManifest.xml:24:22-65
16    <uses-permission android:name="com.google.android.finsky.permission.BIND_GET_INSTALL_REFERRER_SERVICE" /> <!-- Required by older versions of Google Play services to create IID tokens -->
16-->[com.google.firebase:firebase-analytics:16.0.6] AndroidManifest.xml:26:5-110
16-->[com.google.firebase:firebase-analytics:16.0.6] AndroidManifest.xml:26:22-107
17    <uses-permission android:name="com.google.android.c2dm.permission.RECEIVE" />
17-->[com.google.firebase:firebase-iid:17.0.3] AndroidManifest.xml:26:5-82
17-->[com.google.firebase:firebase-iid:17.0.3] AndroidManifest.xml:26:22-79
18
19    <application
19-->src\main\AndroidManifest.xml:8:5-28:19
20        android:allowBackup="true"
20-->src\main\AndroidManifest.xml:9:9-35
21        android:appComponentFactory="androidx.core.app.CoreComponentFactory"
21-->[androidx.core:core:1.0.0] AndroidManifest.xml:22:18-86
22        android:debuggable="true"
23        android:extractNativeLibs="false"
24        android:icon="@mipmap/ic_launcher"
24-->src\main\AndroidManifest.xml:10:9-43
25        android:label="@string/app_name"
25-->src\main\AndroidManifest.xml:11:9-41
26        android:roundIcon="@mipmap/ic_launcher_round"
26-->src\main\AndroidManifest.xml:12:9-54
27        android:supportsRtl="true"
27-->src\main\AndroidManifest.xml:13:9-35
28        android:testOnly="true"
29        android:theme="@style/AppTheme" >
29-->src\main\AndroidManifest.xml:14:9-40
30        <activity
30-->src\main\AndroidManifest.xml:15:9-17:68
31            android:name="com.cluster.facelabs.clusterface.Gallery.GalleryActivity"
31-->src\main\AndroidManifest.xml:16:13-52
32            android:theme="@style/AppTheme.NoActionBar" />
32-->src\main\AndroidManifest.xml:17:13-56
33        <activity
33-->src\main\AndroidManifest.xml:18:9-20:58
34            android:name="com.cluster.facelabs.clusterface.Gallery.ImageActivity"
34-->src\main\AndroidManifest.xml:19:13-50
35            android:theme="@style/AppTheme.NoActionBar" />
35-->src\main\AndroidManifest.xml:20:13-56
36        <activity android:name="com.cluster.facelabs.clusterface.MainActivity" >
36-->src\main\AndroidManifest.xml:21:9-27:20
36-->src\main\AndroidManifest.xml:21:19-47
37            <intent-filter>
37-->src\main\AndroidManifest.xml:22:13-26:29
38                <action android:name="android.intent.action.MAIN" />
38-->src\main\AndroidManifest.xml:23:17-69
38-->src\main\AndroidManifest.xml:23:25-66
39
40                <category android:name="android.intent.category.LAUNCHER" />
40-->src\main\AndroidManifest.xml:25:17-77
40-->src\main\AndroidManifest.xml:25:27-74
41            </intent-filter>
42        </activity>
43
44        <service
44-->[com.google.firebase:firebase-measurement-connector-impl:17.0.4] AndroidManifest.xml:27:9-31:19
45            android:name="com.google.firebase.components.ComponentDiscoveryService"
45-->[com.google.firebase:firebase-measurement-connector-impl:17.0.4] AndroidManifest.xml:27:18-89
46            android:exported="false" >
46-->[com.google.firebase:firebase-iid:17.0.3] AndroidManifest.xml:31:13-37
47            <meta-data
47-->[com.google.firebase:firebase-measurement-connector-impl:17.0.4] AndroidManifest.xml:28:13-30:85
48                android:name="com.google.firebase.components:com.google.firebase.analytics.connector.internal.AnalyticsConnectorRegistrar"
48-->[com.google.firebase:firebase-measurement-connector-impl:17.0.4] AndroidManifest.xml:29:17-139
49                android:value="com.google.firebase.components.ComponentRegistrar" />
49-->[com.google.firebase:firebase-measurement-connector-impl:17.0.4] AndroidManifest.xml:30:17-82
50            <meta-data
50-->[com.google.firebase:firebase-iid:17.0.3] AndroidManifest.xml:32:13-34:85
51                android:name="com.google.firebase.components:com.google.firebase.iid.Registrar"
51-->[com.google.firebase:firebase-iid:17.0.3] AndroidManifest.xml:33:17-96
52                android:value="com.google.firebase.components.ComponentRegistrar" />
52-->[com.google.firebase:firebase-iid:17.0.3] AndroidManifest.xml:34:17-82
53        </service>
54
55        <receiver
55-->[com.google.firebase:firebase-analytics:16.0.6] AndroidManifest.xml:29:9-33:20
56            android:name="com.google.android.gms.measurement.AppMeasurementReceiver"
56-->[com.google.firebase:firebase-analytics:16.0.6] AndroidManifest.xml:30:13-85
57            android:enabled="true"
57-->[com.google.firebase:firebase-analytics:16.0.6] AndroidManifest.xml:31:13-35
58            android:exported="false" >
58-->[com.google.firebase:firebase-analytics:16.0.6] AndroidManifest.xml:32:13-37
59        </receiver>
60        <receiver
60-->[com.google.firebase:firebase-analytics:16.0.6] AndroidManifest.xml:34:9-42:20
61            android:name="com.google.android.gms.measurement.AppMeasurementInstallReferrerReceiver"
61-->[com.google.firebase:firebase-analytics:16.0.6] AndroidManifest.xml:35:13-100
62            android:enabled="true"
62-->[com.google.firebase:firebase-analytics:16.0.6] AndroidManifest.xml:36:13-35
63            android:exported="true"
63-->[com.google.firebase:firebase-analytics:16.0.6] AndroidManifest.xml:37:13-36
64            android:permission="android.permission.INSTALL_PACKAGES" >
64-->[com.google.firebase:firebase-analytics:16.0.6] AndroidManifest.xml:38:13-69
65            <intent-filter>
65-->[com.google.firebase:firebase-analytics:16.0.6] AndroidManifest.xml:39:13-41:29
66                <action android:name="com.android.vending.INSTALL_REFERRER" />
66-->[com.google.firebase:firebase-analytics:16.0.6] AndroidManifest.xml:40:17-79
66-->[com.google.firebase:firebase-analytics:16.0.6] AndroidManifest.xml:40:25-76
67            </intent-filter>
68        </receiver>
69
70        <service
70-->[com.google.firebase:firebase-analytics:16.0.6] AndroidManifest.xml:44:9-47:40
71            android:name="com.google.android.gms.measurement.AppMeasurementService"
71-->[com.google.firebase:firebase-analytics:16.0.6] AndroidManifest.xml:45:13-84
72            android:enabled="true"
72-->[com.google.firebase:firebase-analytics:16.0.6] AndroidManifest.xml:46:13-35
73            android:exported="false" />
73-->[com.google.firebase:firebase-analytics:16.0.6] AndroidManifest.xml:47:13-37
74        <service
74-->[com.google.firebase:firebase-analytics:16.0.6] AndroidManifest.xml:48:9-52:72
75            android:name="com.google.android.gms.measurement.AppMeasurementJobService"
75-->[com.google.firebase:firebase-analytics:16.0.6] AndroidManifest.xml:49:13-87
76            android:enabled="true"
76-->[com.google.firebase:firebase-analytics:16.0.6] AndroidManifest.xml:50:13-35
77            android:exported="false"
77-->[com.google.firebase:firebase-analytics:16.0.6] AndroidManifest.xml:51:13-37
78            android:permission="android.permission.BIND_JOB_SERVICE" />
78-->[com.google.firebase:firebase-analytics:16.0.6] AndroidManifest.xml:52:13-69
79
80        <receiver
80-->[com.google.firebase:firebase-iid:17.0.3] AndroidManifest.xml:37:9-44:20
81            android:name="com.google.firebase.iid.FirebaseInstanceIdReceiver"
81-->[com.google.firebase:firebase-iid:17.0.3] AndroidManifest.xml:38:13-78
82            android:exported="true"
82-->[com.google.firebase:firebase-iid:17.0.3] AndroidManifest.xml:39:13-36
83            android:permission="com.google.android.c2dm.permission.SEND" >
83-->[com.google.firebase:firebase-iid:17.0.3] AndroidManifest.xml:40:13-73
84            <intent-filter>
84-->[com.google.firebase:firebase-iid:17.0.3] AndroidManifest.xml:41:13-43:29
85                <action android:name="com.google.android.c2dm.intent.RECEIVE" />
85-->[com.google.firebase:firebase-iid:17.0.3] AndroidManifest.xml:42:17-81
85-->[com.google.firebase:firebase-iid:17.0.3] AndroidManifest.xml:42:25-78
86            </intent-filter>
87        </receiver>
88        <!--
89             FirebaseInstanceIdService performs security checks at runtime,
90             no need for explicit permissions despite exported="true"
91        -->
92        <service
92-->[com.google.firebase:firebase-iid:17.0.3] AndroidManifest.xml:50:9-56:19
93            android:name="com.google.firebase.iid.FirebaseInstanceIdService"
93-->[com.google.firebase:firebase-iid:17.0.3] AndroidManifest.xml:51:13-77
94            android:exported="true" >
94-->[com.google.firebase:firebase-iid:17.0.3] AndroidManifest.xml:52:13-36
95            <intent-filter android:priority="-500" >
95-->[com.google.firebase:firebase-iid:17.0.3] AndroidManifest.xml:53:13-55:29
95-->[com.google.firebase:firebase-iid:17.0.3] AndroidManifest.xml:53:28-51
96                <action android:name="com.google.firebase.INSTANCE_ID_EVENT" />
96-->[com.google.firebase:firebase-iid:17.0.3] AndroidManifest.xml:54:17-80
96-->[com.google.firebase:firebase-iid:17.0.3] AndroidManifest.xml:54:25-77
97            </intent-filter>
98        </service>
99
100        <activity
100-->[com.google.android.gms:play-services-base:16.0.1] AndroidManifest.xml:23:9-26:75
101            android:name="com.google.android.gms.common.api.GoogleApiActivity"
101-->[com.google.android.gms:play-services-base:16.0.1] AndroidManifest.xml:24:13-79
102            android:exported="false"
102-->[com.google.android.gms:play-services-base:16.0.1] AndroidManifest.xml:25:13-37
103            android:theme="@android:style/Theme.Translucent.NoTitleBar" />
103-->[com.google.android.gms:play-services-base:16.0.1] AndroidManifest.xml:26:13-72
104
105        <provider
105-->[com.google.firebase:firebase-common:16.0.3] AndroidManifest.xml:10:9-14:39
106            android:name="com.google.firebase.provider.FirebaseInitProvider"
106-->[com.google.firebase:firebase-common:16.0.3] AndroidManifest.xml:11:13-77
107            android:authorities="com.cluster.facelabs.clusterface.firebaseinitprovider"
107-->[com.google.firebase:firebase-common:16.0.3] AndroidManifest.xml:12:13-72
108            android:exported="false"
108-->[com.google.firebase:firebase-common:16.0.3] AndroidManifest.xml:13:13-37
109            android:initOrder="100" />
109-->[com.google.firebase:firebase-common:16.0.3] AndroidManifest.xml:14:13-36
110
111        <meta-data
111-->[com.google.android.gms:play-services-basement:16.1.0] AndroidManifest.xml:23:9-25:69
112            android:name="com.google.android.gms.version"
112-->[com.google.android.gms:play-services-basement:16.1.0] AndroidManifest.xml:24:13-58
113            android:value="@integer/google_play_services_version" />
113-->[com.google.android.gms:play-services-basement:16.1.0] AndroidManifest.xml:25:13-66
114    </application>
115
116</manifest>